<?xml version="1.0" encoding="UTF-8"?>
<!-- Generated by org.testng.reporters.JUnitXMLReporter -->
<testsuite ignored="0" hostname="DESKTOP-T2GVVGS" failures="0" tests="3" name="Test" time="0.793" errors="0" timestamp="31 May 2022 06:20:17 GMT">
  <testcase classname="JunkinTest.ParameterTest" name="practiceTest" time="0.267"/>
  <testcase classname="JunkinTest.ParameterTest" name="practiceTest1" time="0.006"/>
  <testcase classname="JunkinTest.ParameterTest" name="practiceTest2" time="0.008"/>
</testsuite> <!-- Test -->
